<?xml version="1.0" encoding="UTF-8"?>
<!-- Generated by org.testng.reporters.JUnitXMLReporter -->
<testsuite hostname="ADMIN-PC" name="test1" tests="4" failures="2" timestamp="21 Apr 2016 08:51:39 GMT" time="23.984" errors="0">
  <testcase name="chromeBrowser" time="0.34" classname="browser.MultiBrowserDemo">
    <failure type="java.lang.IllegalStateException" message="The driver executable does not exist: F:\HARI PERSONAL\chromedriver.exe">
      <![CDATA[java.lang.IllegalStateException: The driver executable does not exist: F:\HARI PERSONAL\chromedriver.exe
	at com.google.common.base.Preconditions.checkState(Preconditions.java:197)
	at org.openqa.selenium.remote.service.DriverService.checkExecutable(DriverService.java:122)
	at org.openqa.selenium.remote.service.DriverService.findExecutable(DriverService.java:117)
	at org.openqa.selenium.chrome.ChromeDriverService.access$0(ChromeDriverService.java:1)
	at org.openqa.selenium.chrome.ChromeDriverService$Builder.findDefaultExecutable(ChromeDriverService.java:118)
	at org.openqa.selenium.remote.service.DriverService$Builder.build(DriverService.java:291)
	at org.openqa.selenium.chrome.ChromeDriverService.createDefaultService(ChromeDriverService.java:82)
	at org.openqa.selenium.chrome.ChromeDriver.<init>(ChromeDriver.java:117)
	at browser.MultiBrowserDemo.chromeBrowser(MultiBrowserDemo.java:23)
... Removed 24 stack frames]]>
    </failure>
  </testcase> <!-- chromeBrowser -->
  <testcase name="firefoxBrowser" time="19.442" classname="browser.MultiBrowserDemo"/>
  <testcase name="headLessBrowser" time="4.18" classname="browser.MultiBrowserDemo"/>
  <testcase name="internetExplorer" time="0.0" classname="browser.MultiBrowserDemo">
    <failure type="java.lang.IllegalStateException" message="The driver executable does not exist: F:\HARI PERSONAL\chromedriver.exe">
      <![CDATA[java.lang.IllegalStateException: The driver executable does not exist: F:\HARI PERSONAL\chromedriver.exe
	at com.google.common.base.Preconditions.checkState(Preconditions.java:197)
	at org.openqa.selenium.remote.service.DriverService.checkExecutable(DriverService.java:122)
	at org.openqa.selenium.remote.service.DriverService.findExecutable(DriverService.java:117)
	at org.openqa.selenium.chrome.ChromeDriverService.access$0(ChromeDriverService.java:1)
	at org.openqa.selenium.chrome.ChromeDriverService$Builder.findDefaultExecutable(ChromeDriverService.java:118)
	at org.openqa.selenium.remote.service.DriverService$Builder.build(DriverService.java:291)
	at org.openqa.selenium.chrome.ChromeDriverService.createDefaultService(ChromeDriverService.java:82)
	at org.openqa.selenium.chrome.ChromeDriver.<init>(ChromeDriver.java:117)
	at browser.MultiBrowserDemo.internetExplorer(MultiBrowserDemo.java:32)
... Removed 24 stack frames]]>
    </failure>
  </testcase> <!-- internetExplorer -->
</testsuite> <!-- test1 -->
