<?xml version="1.0" encoding="UTF-8"?>
<testng-results skipped="0" failed="0" total="1" passed="1">
  <reporter-output>
  </reporter-output>
  <suite name="Default suite" duration-ms="17039" started-at="2016-04-29T03:33:56Z" finished-at="2016-04-29T03:34:13Z">
    <groups>
    </groups>
    <test name="Default test" duration-ms="17039" started-at="2016-04-29T03:33:56Z" finished-at="2016-04-29T03:34:13Z">
      <class name="autoIT.UploadFileAutoIT">
        <test-method status="PASS" signature="testUpload()[pri:0, instance:autoIT.UploadFileAutoIT@15d3402]" name="testUpload" duration-ms="17019" started-at="2016-04-29T09:03:56Z" finished-at="2016-04-29T09:04:13Z">
          <reporter-output>
          </reporter-output>
        </test-method> <!-- testUpload -->
      </class> <!-- autoIT.UploadFileAutoIT -->
    </test> <!-- Default test -->
  </suite> <!-- Default suite -->
</testng-results>
